#
# A fatal error has been detected by the Java Runtime Environment:
#
#  EXCEPTION_ACCESS_VIOLATION (0xc0000005) at pc=0x000000006c735d13, pid=11588, tid=0x0000000000001860
#
# JRE version: Java(TM) SE Runtime Environment (8.0_271-b09) (build 1.8.0_271-b09)
# Java VM: Java HotSpot(TM) 64-Bit Server VM (25.271-b09 mixed mode windows-amd64 compressed oops)
# Problematic frame:
# V  [jvm.dll+0x485d13]
#
# Failed to write core dump. Minidumps are not enabled by default on client versions of Windows
#
# If you would like to submit a bug report, please visit:
#   http://bugreport.java.com/bugreport/crash.jsp
#

---------------  T H R E A D  ---------------

Current thread (0x000001f75a47c800):  JavaThread "C2 CompilerThread0" daemon [_thread_in_native, id=6240, stack(0x00000095d5500000,0x00000095d5600000)]

siginfo: ExceptionCode=0xc0000005, reading address 0x000001f74021d6e0

Registers:
RAX=0x000001f74021d6b8, RBX=0x000001f75c741f50, RCX=0x0000000000001713, RDX=0x000001f75f409588
RSP=0x00000095d55fad40, RBP=0x00000095d55fade9, RSI=0x0000000000000002, RDI=0x00000095d55faff0
R8 =0x0000000000000014, R9 =0x0000000000000018, R10=0x0000000000000010, R11=0x00000095d55fae48
R12=0x0000000000000000, R13=0x00000095d55faeb8, R14=0x000000000000000b, R15=0x0000000000000004
RIP=0x000000006c735d13, EFLAGS=0x0000000000010297

Top of Stack: (sp=0x00000095d55fad40)
0x00000095d55fad40:   000001f75e3746f0 000001f761f3ef20
0x00000095d55fad50:   0000000000000008 000001f761f3ef20
0x00000095d55fad60:   00000095d55faeb8 000001f75f40a1f0
0x00000095d55fad70:   00000095d55faed8 0000000000000000
0x00000095d55fad80:   000001f700000008 000001f75a45b4b0
0x00000095d55fad90:   000001f700000004 000001f75e152c60
0x00000095d55fada0:   0000009500000000 0000000000000001
0x00000095d55fadb0:   000001f75bf430a8 000001f761ea2248
0x00000095d55fadc0:   000001f75bf430a8 000001f760950a00
0x00000095d55fadd0:   000001f75a45b4b0 0000000200000004
0x00000095d55fade0:   000001f75e152c40 0000000000000000
0x00000095d55fadf0:   000001f760255240 0000000000000000
0x00000095d55fae00:   0000000000000000 000001f75a45b4b0
0x00000095d55fae10:   000001f7607a2bf0 0000000000000000
0x00000095d55fae20:   000001f7607aabd8 000001f7607a7380
0x00000095d55fae30:   0000000000000146 00000095d55faff0 

Instructions: (pc=0x000000006c735d13)
0x000000006c735cf3:   49 20 4a 8d 04 ca 48 3b d0 4d 0f 47 cc 4d 85 c9
0x000000006c735d03:   74 31 66 66 66 0f 1f 84 00 00 00 00 00 48 8b 02
0x000000006c735d13:   8b 48 28 48 8b 47 68 48 39 1c c8 75 0a 49 8b 45
0x000000006c735d23:   18 48 63 c9 ff 0c 88 48 83 c2 08 49 ff c0 4d 3b 


Register to memory mapping:

RAX=0x000001f74021d6b8 is an unknown value
RBX=0x000001f75c741f50 is an unknown value
RCX=0x0000000000001713 is an unknown value
RDX=0x000001f75f409588 is an unknown value
RSP=0x00000095d55fad40 is pointing into the stack for thread: 0x000001f75a47c800
RBP=0x00000095d55fade9 is pointing into the stack for thread: 0x000001f75a47c800
RSI=0x0000000000000002 is an unknown value
RDI=0x00000095d55faff0 is pointing into the stack for thread: 0x000001f75a47c800
R8 =0x0000000000000014 is an unknown value
R9 =0x0000000000000018 is an unknown value
R10=0x0000000000000010 is an unknown value
R11=0x00000095d55fae48 is pointing into the stack for thread: 0x000001f75a47c800
R12=0x0000000000000000 is an unknown value
R13=0x00000095d55faeb8 is pointing into the stack for thread: 0x000001f75a47c800
R14=0x000000000000000b is an unknown value
R15=0x0000000000000004 is an unknown value


Stack: [0x00000095d5500000,0x00000095d5600000],  sp=0x00000095d55fad40,  free space=1003k
Native frames: (J=compiled Java code, j=interpreted, Vv=VM code, C=native code)
V  [jvm.dll+0x485d13]
V  [jvm.dll+0x46c0dc]
V  [jvm.dll+0x46b62a]
V  [jvm.dll+0x450b3e]
V  [jvm.dll+0x44ffe5]
V  [jvm.dll+0x43aef7]
V  [jvm.dll+0xbc3eb]
V  [jvm.dll+0xbaa4b]
V  [jvm.dll+0x24e7c2]
V  [jvm.dll+0x2a2dcc]
C  [ucrtbase.dll+0x21bb2]
C  [KERNEL32.DLL+0x17034]
C  [ntdll.dll+0x52651]


Current CompileTask:
C2:   4582 3472   !   4       java.net.URL::<init> (543 bytes)


---------------  P R O C E S S  ---------------

Java Threads: ( => current thread )
  0x000001f75b13d800 JavaThread "surefire-forkedjvm-ping-30s" daemon [_thread_blocked, id=2004, stack(0x00000095d5b00000,0x00000095d5c00000)]
  0x000001f75b0bd000 JavaThread "surefire-forkedjvm-command-thread" daemon [_thread_in_native, id=4472, stack(0x00000095d5a00000,0x00000095d5b00000)]
  0x000001f75a4f4800 JavaThread "Service Thread" daemon [_thread_blocked, id=14044, stack(0x00000095d5800000,0x00000095d5900000)]
  0x000001f75a48b000 JavaThread "C1 CompilerThread2" daemon [_thread_blocked, id=8464, stack(0x00000095d5700000,0x00000095d5800000)]
  0x000001f75a480800 JavaThread "C2 CompilerThread1" daemon [_thread_blocked, id=8672, stack(0x00000095d5600000,0x00000095d5700000)]
=>0x000001f75a47c800 JavaThread "C2 CompilerThread0" daemon [_thread_in_native, id=6240, stack(0x00000095d5500000,0x00000095d5600000)]
  0x000001f75a47a800 JavaThread "Attach Listener" daemon [_thread_blocked, id=10948, stack(0x00000095d5400000,0x00000095d5500000)]
  0x000001f75a479800 JavaThread "Signal Dispatcher" daemon [_thread_blocked, id=14172, stack(0x00000095d5300000,0x00000095d5400000)]
  0x000001f759d2e000 JavaThread "Finalizer" daemon [_thread_blocked, id=9472, stack(0x00000095d5200000,0x00000095d5300000)]
  0x000001f75a456000 JavaThread "Reference Handler" daemon [_thread_blocked, id=5788, stack(0x00000095d5100000,0x00000095d5200000)]
  0x000001f73f0d1800 JavaThread "main" [_thread_in_native, id=4624, stack(0x00000095d4b00000,0x00000095d4c00000)]

Other Threads:
  0x000001f75a433000 VMThread [stack: 0x00000095d5000000,0x00000095d5100000] [id=7516]
  0x000001f75a51f800 WatcherThread [stack: 0x00000095d5900000,0x00000095d5a00000] [id=10176]

VM state:not at safepoint (normal execution)

VM Mutex/Monitor currently owned by a thread: None

heap address: 0x00000006c0a00000, size: 4086 MB, Compressed Oops mode: Zero based, Oop shift amount: 3
Narrow klass base: 0x0000000000000000, Narrow klass shift: 3
Compressed class space size: 1073741824 Address: 0x00000007c0000000

Heap:
 PSYoungGen      total 248832K, used 30364K [0x000000076ae00000, 0x000000077b000000, 0x00000007c0000000)
  eden space 237568K, 12% used [0x000000076ae00000,0x000000076cba7218,0x0000000779600000)
  from space 11264K, 0% used [0x000000077a280000,0x000000077a280000,0x000000077ad80000)
  to   space 12800K, 0% used [0x0000000779600000,0x0000000779600000,0x000000077a280000)
 ParOldGen       total 100352K, used 15877K [0x00000006c0a00000, 0x00000006c6c00000, 0x000000076ae00000)
  object space 100352K, 15% used [0x00000006c0a00000,0x00000006c19814c0,0x00000006c6c00000)
 Metaspace       used 36731K, capacity 39154K, committed 39344K, reserved 1083392K
  class space    used 5070K, capacity 5517K, committed 5552K, reserved 1048576K

Card table byte_map: [0x000001f74ff20000,0x000001f750720000] byte_map_base: 0x000001f74c91b000

Marking Bits: (ParMarkBitMap*) 0x000000006caa7fe0
 Begin Bits: [0x000001f750c80000, 0x000001f754c58000)
 End Bits:   [0x000001f754c58000, 0x000001f758c30000)

Polling page: 0x000001f73f090000

CodeCache: size=245760Kb used=12868Kb max_used=12877Kb free=232891Kb
 bounds [0x000001f740b60000, 0x000001f741800000, 0x000001f74fb60000]
 total_blobs=3887 nmethods=3483 adapters=316
 compilation: enabled

Compilation events (10 events):
Event: 4.503 Thread 0x000001f75a480800 3480       4       java.net.URLStreamHandler::toExternalForm (219 bytes)
Event: 4.510 Thread 0x000001f75a48b000 3481       3       java.lang.Class::searchFields (41 bytes)
Event: 4.510 Thread 0x000001f75a48b000 nmethod 3481 0x000001f7417e2b90 code [0x000001f7417e2d80, 0x000001f7417e3730]
Event: 4.522 Thread 0x000001f75a48b000 3483       3       java.lang.Integer::hashCode (8 bytes)
Event: 4.522 Thread 0x000001f75a48b000 nmethod 3483 0x000001f7417e27d0 code [0x000001f7417e2920, 0x000001f7417e2ad8]
Event: 4.522 Thread 0x000001f75a480800 nmethod 3480 0x000001f7417f78d0 code [0x000001f7417f7a80, 0x000001f7417f88b8]
Event: 4.522 Thread 0x000001f75a480800 3482       4       java.lang.Integer::valueOf (32 bytes)
Event: 4.523 Thread 0x000001f75a480800 nmethod 3482 0x000001f7417f1450 code [0x000001f7417f15a0, 0x000001f7417f1678]
Event: 4.542 Thread 0x000001f75a48b000 3484  s    3       java.util.Vector::elementAt (48 bytes)
Event: 4.543 Thread 0x000001f75a48b000 nmethod 3484 0x000001f7417f1890 code [0x000001f7417f1aa0, 0x000001f7417f2670]

GC Heap History (10 events):
Event: 1.740 GC heap before
{Heap before GC invocations=4 (full 1):
 PSYoungGen      total 76288K, used 4980K [0x000000076ae00000, 0x0000000774300000, 0x00000007c0000000)
  eden space 65536K, 0% used [0x000000076ae00000,0x000000076ae00000,0x000000076ee00000)
  from space 10752K, 46% used [0x000000076ee00000,0x000000076f2dd0c0,0x000000076f880000)
  to   space 10752K, 0% used [0x0000000773880000,0x0000000773880000,0x0000000774300000)
 ParOldGen       total 175104K, used 40K [0x00000006c0a00000, 0x00000006cb500000, 0x000000076ae00000)
  object space 175104K, 0% used [0x00000006c0a00000,0x00000006c0a0a000,0x00000006cb500000)
 Metaspace       used 19785K, capacity 21224K, committed 21296K, reserved 1067008K
  class space    used 2526K, capacity 2826K, committed 2864K, reserved 1048576K
Event: 1.764 GC heap after
Heap after GC invocations=4 (full 1):
 PSYoungGen      total 76288K, used 0K [0x000000076ae00000, 0x0000000774300000, 0x00000007c0000000)
  eden space 65536K, 0% used [0x000000076ae00000,0x000000076ae00000,0x000000076ee00000)
  from space 10752K, 0% used [0x000000076ee00000,0x000000076ee00000,0x000000076f880000)
  to   space 10752K, 0% used [0x0000000773880000,0x0000000773880000,0x0000000774300000)
 ParOldGen       total 75264K, used 4870K [0x00000006c0a00000, 0x00000006c5380000, 0x000000076ae00000)
  object space 75264K, 6% used [0x00000006c0a00000,0x00000006c0ec1950,0x00000006c5380000)
 Metaspace       used 19785K, capacity 21224K, committed 21296K, reserved 1067008K
  class space    used 2526K, capacity 2826K, committed 2864K, reserved 1048576K
}
Event: 2.203 GC heap before
{Heap before GC invocations=5 (full 1):
 PSYoungGen      total 76288K, used 65536K [0x000000076ae00000, 0x0000000774300000, 0x00000007c0000000)
  eden space 65536K, 100% used [0x000000076ae00000,0x000000076ee00000,0x000000076ee00000)
  from space 10752K, 0% used [0x000000076ee00000,0x000000076ee00000,0x000000076f880000)
  to   space 10752K, 0% used [0x0000000773880000,0x0000000773880000,0x0000000774300000)
 ParOldGen       total 75264K, used 4870K [0x00000006c0a00000, 0x00000006c5380000, 0x000000076ae00000)
  object space 75264K, 6% used [0x00000006c0a00000,0x00000006c0ec1950,0x00000006c5380000)
 Metaspace       used 22943K, capacity 24560K, committed 24880K, reserved 1071104K
  class space    used 2983K, capacity 3300K, committed 3376K, reserved 1048576K
Event: 2.210 GC heap after
Heap after GC invocations=5 (full 1):
 PSYoungGen      total 133120K, used 7078K [0x000000076ae00000, 0x0000000773f80000, 0x00000007c0000000)
  eden space 125952K, 0% used [0x000000076ae00000,0x000000076ae00000,0x0000000772900000)
  from space 7168K, 98% used [0x0000000773880000,0x0000000773f69800,0x0000000773f80000)
  to   space 10752K, 0% used [0x0000000772a80000,0x0000000772a80000,0x0000000773500000)
 ParOldGen       total 75264K, used 4878K [0x00000006c0a00000, 0x00000006c5380000, 0x000000076ae00000)
  object space 75264K, 6% used [0x00000006c0a00000,0x00000006c0ec3950,0x00000006c5380000)
 Metaspace       used 22943K, capacity 24560K, committed 24880K, reserved 1071104K
  class space    used 2983K, capacity 3300K, committed 3376K, reserved 1048576K
}
Event: 3.004 GC heap before
{Heap before GC invocations=6 (full 1):
 PSYoungGen      total 133120K, used 133030K [0x000000076ae00000, 0x0000000773f80000, 0x00000007c0000000)
  eden space 125952K, 100% used [0x000000076ae00000,0x0000000772900000,0x0000000772900000)
  from space 7168K, 98% used [0x0000000773880000,0x0000000773f69800,0x0000000773f80000)
  to   space 10752K, 0% used [0x0000000772a80000,0x0000000772a80000,0x0000000773500000)
 ParOldGen       total 75264K, used 4878K [0x00000006c0a00000, 0x00000006c5380000, 0x000000076ae00000)
  object space 75264K, 6% used [0x00000006c0a00000,0x00000006c0ec3950,0x00000006c5380000)
 Metaspace       used 27289K, capacity 29322K, committed 29360K, reserved 1075200K
  class space    used 3601K, capacity 3991K, committed 4016K, reserved 1048576K
Event: 3.014 GC heap after
Heap after GC invocations=6 (full 1):
 PSYoungGen      total 138240K, used 9269K [0x000000076ae00000, 0x000000077ad80000, 0x00000007c0000000)
  eden space 127488K, 0% used [0x000000076ae00000,0x000000076ae00000,0x0000000772a80000)
  from space 10752K, 86% used [0x0000000772a80000,0x000000077338d608,0x0000000773500000)
  to   space 11264K, 0% used [0x000000077a280000,0x000000077a280000,0x000000077ad80000)
 ParOldGen       total 75264K, used 4886K [0x00000006c0a00000, 0x00000006c5380000, 0x000000076ae00000)
  object space 75264K, 6% used [0x00000006c0a00000,0x00000006c0ec5950,0x00000006c5380000)
 Metaspace       used 27289K, capacity 29322K, committed 29360K, reserved 1075200K
  class space    used 3601K, capacity 3991K, committed 4016K, reserved 1048576K
}
Event: 3.825 GC heap before
{Heap before GC invocations=7 (full 1):
 PSYoungGen      total 138240K, used 98433K [0x000000076ae00000, 0x000000077ad80000, 0x00000007c0000000)
  eden space 127488K, 69% used [0x000000076ae00000,0x0000000770513108,0x0000000772a80000)
  from space 10752K, 86% used [0x0000000772a80000,0x000000077338d608,0x0000000773500000)
  to   space 11264K, 0% used [0x000000077a280000,0x000000077a280000,0x000000077ad80000)
 ParOldGen       total 75264K, used 4886K [0x00000006c0a00000, 0x00000006c5380000, 0x000000076ae00000)
  object space 75264K, 6% used [0x00000006c0a00000,0x00000006c0ec5950,0x00000006c5380000)
 Metaspace       used 33070K, capacity 35384K, committed 35496K, reserved 1079296K
  class space    used 4423K, capacity 4850K, committed 4912K, reserved 1048576K
Event: 3.833 GC heap after
Heap after GC invocations=7 (full 1):
 PSYoungGen      total 248832K, used 11255K [0x000000076ae00000, 0x000000077b000000, 0x00000007c0000000)
  eden space 237568K, 0% used [0x000000076ae00000,0x000000076ae00000,0x0000000779600000)
  from space 11264K, 99% used [0x000000077a280000,0x000000077ad7ded0,0x000000077ad80000)
  to   space 12800K, 0% used [0x0000000779600000,0x0000000779600000,0x000000077a280000)
 ParOldGen       total 75264K, used 5193K [0x00000006c0a00000, 0x00000006c5380000, 0x000000076ae00000)
  object space 75264K, 6% used [0x00000006c0a00000,0x00000006c0f12548,0x00000006c5380000)
 Metaspace       used 33070K, capacity 35384K, committed 35496K, reserved 1079296K
  class space    used 4423K, capacity 4850K, committed 4912K, reserved 1048576K
}
Event: 3.834 GC heap before
{Heap before GC invocations=8 (full 2):
 PSYoungGen      total 248832K, used 11255K [0x000000076ae00000, 0x000000077b000000, 0x00000007c0000000)
  eden space 237568K, 0% used [0x000000076ae00000,0x000000076ae00000,0x0000000779600000)
  from space 11264K, 99% used [0x000000077a280000,0x000000077ad7ded0,0x000000077ad80000)
  to   space 12800K, 0% used [0x0000000779600000,0x0000000779600000,0x000000077a280000)
 ParOldGen       total 75264K, used 5193K [0x00000006c0a00000, 0x00000006c5380000, 0x000000076ae00000)
  object space 75264K, 6% used [0x00000006c0a00000,0x00000006c0f12548,0x00000006c5380000)
 Metaspace       used 33070K, capacity 35384K, committed 35496K, reserved 1079296K
  class space    used 4423K, capacity 4850K, committed 4912K, reserved 1048576K
Event: 3.895 GC heap after
Heap after GC invocations=8 (full 2):
 PSYoungGen      total 248832K, used 0K [0x000000076ae00000, 0x000000077b000000, 0x00000007c0000000)
  eden space 237568K, 0% used [0x000000076ae00000,0x000000076ae00000,0x0000000779600000)
  from space 11264K, 0% used [0x000000077a280000,0x000000077a280000,0x000000077ad80000)
  to   space 12800K, 0% used [0x0000000779600000,0x0000000779600000,0x000000077a280000)
 ParOldGen       total 100352K, used 15877K [0x00000006c0a00000, 0x00000006c6c00000, 0x000000076ae00000)
  object space 100352K, 15% used [0x00000006c0a00000,0x00000006c19814c0,0x00000006c6c00000)
 Metaspace       used 33070K, capacity 35384K, committed 35496K, reserved 1079296K
  class space    used 4423K, capacity 4850K, committed 4912K, reserved 1048576K
}

Deoptimization events (10 events):
Event: 3.587 Thread 0x000001f73f0d1800 Uncommon trap: reason=bimorphic action=maybe_recompile pc=0x000001f7414863ac method=java.util.regex.Pattern$CharProperty.match(Ljava/util/regex/Matcher;ILjava/lang/CharSequence;)Z @ 18
Event: 3.587 Thread 0x000001f73f0d1800 Uncommon trap: reason=bimorphic action=maybe_recompile pc=0x000001f7414863ac method=java.util.regex.Pattern$CharProperty.match(Ljava/util/regex/Matcher;ILjava/lang/CharSequence;)Z @ 18
Event: 3.621 Thread 0x000001f73f0d1800 Uncommon trap: reason=null_check action=make_not_entrant pc=0x000001f741521424 method=org.springframework.beans.factory.support.DefaultListableBeanFactory.getBeanDefinition(Ljava/lang/String;)Lorg/springframework/beans/factory/config/BeanDefinition; @ 10
Event: 3.654 Thread 0x000001f73f0d1800 Uncommon trap: reason=unstable_if action=reinterpret pc=0x000001f740dbb144 method=java.util.zip.ZipCoder.getBytes(Ljava/lang/String;)[B @ 32
Event: 3.654 Thread 0x000001f73f0d1800 Uncommon trap: reason=unstable_if action=reinterpret pc=0x000001f740dc0f34 method=java.util.zip.ZipCoder.getBytes(Ljava/lang/String;)[B @ 32
Event: 3.654 Thread 0x000001f73f0d1800 Uncommon trap: reason=unstable_if action=reinterpret pc=0x000001f740db62c4 method=java.util.zip.ZipCoder.getBytes(Ljava/lang/String;)[B @ 32
Event: 3.654 Thread 0x000001f73f0d1800 Uncommon trap: reason=unstable_if action=reinterpret pc=0x000001f74169d90c method=java.net.URL.<init>(Ljava/net/URL;Ljava/lang/String;Ljava/net/URLStreamHandler;)V @ 57
Event: 3.654 Thread 0x000001f73f0d1800 Uncommon trap: reason=unstable_if action=reinterpret pc=0x000001f741097bc8 method=java.net.URLStreamHandler.parseURL(Ljava/net/URL;Ljava/lang/String;II)V @ 57
Event: 3.654 Thread 0x000001f73f0d1800 Uncommon trap: reason=unstable_if action=reinterpret pc=0x000001f74127e088 method=java.io.WinNTFileSystem.resolve(Ljava/lang/String;Ljava/lang/String;)Ljava/lang/String; @ 19
Event: 3.989 Thread 0x000001f73f0d1800 Uncommon trap: reason=unstable_if action=reinterpret pc=0x000001f74113bb80 method=java.lang.ClassLoader.getClassLoadingLock(Ljava/lang/String;)Ljava/lang/Object; @ 6

Classes redefined (0 events):
No events

Internal exceptions (10 events):
Event: 3.637 Thread 0x000001f73f0d1800 Exception <a 'java/lang/ClassNotFoundException': org/springframework/beans/factory/BeanClassLoaderAwareCustomizer> (0x000000076f4cc3f8) thrown at [C:\jenkins\workspace\8-2-build-windows-amd64-cygwin\jdk8u271\605\hotspot\src\share\vm\classfile\systemDictio
Event: 3.637 Thread 0x000001f73f0d1800 Exception <a 'java/lang/ClassNotFoundException': org/springframework/beans/factory/AwareCustomizer> (0x000000076f4ea178) thrown at [C:\jenkins\workspace\8-2-build-windows-amd64-cygwin\jdk8u271\605\hotspot\src\share\vm\classfile\systemDictionary.cpp, line 
Event: 3.638 Thread 0x000001f73f0d1800 Exception <a 'java/lang/ClassNotFoundException': org/springframework/beans/factory/BeanFactoryAwareCustomizer> (0x000000076f50b458) thrown at [C:\jenkins\workspace\8-2-build-windows-amd64-cygwin\jdk8u271\605\hotspot\src\share\vm\classfile\systemDictionary
Event: 3.638 Thread 0x000001f73f0d1800 Exception <a 'java/lang/ClassNotFoundException': org/springframework/beans/factory/AwareCustomizer> (0x000000076f529738) thrown at [C:\jenkins\workspace\8-2-build-windows-amd64-cygwin\jdk8u271\605\hotspot\src\share\vm\classfile\systemDictionary.cpp, line 
Event: 3.639 Thread 0x000001f73f0d1800 Exception <a 'java/lang/ClassNotFoundException': org/springframework/beans/factory/BeanNameAwareCustomizer> (0x000000076f549360) thrown at [C:\jenkins\workspace\8-2-build-windows-amd64-cygwin\jdk8u271\605\hotspot\src\share\vm\classfile\systemDictionary.cp
Event: 3.639 Thread 0x000001f73f0d1800 Exception <a 'java/lang/ClassNotFoundException': org/springframework/beans/factory/AwareCustomizer> (0x000000076f567138) thrown at [C:\jenkins\workspace\8-2-build-windows-amd64-cygwin\jdk8u271\605\hotspot\src\share\vm\classfile\systemDictionary.cpp, line 
Event: 3.640 Thread 0x000001f73f0d1800 Exception <a 'java/lang/ClassNotFoundException': org/springframework/beans/factory/InitializingBeanCustomizer> (0x000000076f588418) thrown at [C:\jenkins\workspace\8-2-build-windows-amd64-cygwin\jdk8u271\605\hotspot\src\share\vm\classfile\systemDictionary
Event: 3.640 Thread 0x000001f73f0d1800 Exception <a 'java/lang/ClassNotFoundException': org/springframework/beans/factory/DisposableBeanCustomizer> (0x000000076f5a88c8) thrown at [C:\jenkins\workspace\8-2-build-windows-amd64-cygwin\jdk8u271\605\hotspot\src\share\vm\classfile\systemDictionary.c
Event: 3.641 Thread 0x000001f73f0d1800 Exception <a 'java/lang/ClassNotFoundException': org/springframework/orm/jpa/EntityManagerFactoryInfoCustomizer> (0x000000076f5cb000) thrown at [C:\jenkins\workspace\8-2-build-windows-amd64-cygwin\jdk8u271\605\hotspot\src\share\vm\classfile\systemDictiona
Event: 3.642 Thread 0x000001f73f0d1800 Exception <a 'java/lang/ClassNotFoundException': org/springframework/dao/support/PersistenceExceptionTranslatorCustomizer> (0x000000076f5feda8) thrown at [C:\jenkins\workspace\8-2-build-windows-amd64-cygwin\jdk8u271\605\hotspot\src\share\vm\classfile\syst

Events (10 events):
Event: 4.546 loading class java/lang/management/MemoryMXBean done
Event: 4.546 loading class sun/management/NotificationEmitterSupport
Event: 4.546 loading class javax/management/NotificationEmitter
Event: 4.546 loading class javax/management/NotificationBroadcaster
Event: 4.546 loading class javax/management/NotificationBroadcaster done
Event: 4.546 loading class javax/management/NotificationEmitter done
Event: 4.546 loading class sun/management/NotificationEmitterSupport done
Event: 4.546 loading class sun/management/MemoryImpl done
Event: 4.546 loading class java/lang/management/MemoryUsage
Event: 4.547 loading class java/lang/management/MemoryUsage done


Dynamic libraries:
0x00007ff791300000 - 0x00007ff791347000 	C:\Program Files\Java\jdk1.8.0_271\jre\bin\java.exe
0x00007ff9377d0000 - 0x00007ff9379c5000 	C:\WINDOWS\SYSTEM32\ntdll.dll
0x00007ff9302f0000 - 0x00007ff930303000 	C:\Program Files\Avast Software\Avast\aswhook.dll
0x00007ff936700000 - 0x00007ff9367bd000 	C:\WINDOWS\System32\KERNEL32.DLL
0x00007ff935300000 - 0x00007ff9355c8000 	C:\WINDOWS\System32\KERNELBASE.dll
0x00007ff936860000 - 0x00007ff93690c000 	C:\WINDOWS\System32\ADVAPI32.dll
0x00007ff9367c0000 - 0x00007ff93685e000 	C:\WINDOWS\System32\msvcrt.dll
0x00007ff936fa0000 - 0x00007ff93703b000 	C:\WINDOWS\System32\sechost.dll
0x00007ff935e10000 - 0x00007ff935f3b000 	C:\WINDOWS\System32\RPCRT4.dll
0x00007ff936e00000 - 0x00007ff936fa0000 	C:\WINDOWS\System32\USER32.dll
0x00007ff934f10000 - 0x00007ff934f32000 	C:\WINDOWS\System32\win32u.dll
0x00007ff936430000 - 0x00007ff93645a000 	C:\WINDOWS\System32\GDI32.dll
0x00007ff9351f0000 - 0x00007ff9352fb000 	C:\WINDOWS\System32\gdi32full.dll
0x00007ff934f40000 - 0x00007ff934fdd000 	C:\WINDOWS\System32\msvcp_win.dll
0x00007ff935730000 - 0x00007ff935830000 	C:\WINDOWS\System32\ucrtbase.dll
0x00007ff9342a0000 - 0x00007ff93453a000 	C:\WINDOWS\WinSxS\amd64_microsoft.windows.common-controls_6595b64144ccf1df_6.0.19041.844_none_ca00b6081b84eb1d\COMCTL32.dll
0x00007ff936d90000 - 0x00007ff936dc0000 	C:\WINDOWS\System32\IMM32.DLL
0x00007ff922750000 - 0x00007ff922765000 	C:\Program Files\Java\jdk1.8.0_271\jre\bin\vcruntime140.dll
0x00007ff913e50000 - 0x00007ff913eeb000 	C:\Program Files\Java\jdk1.8.0_271\jre\bin\msvcp140.dll
0x000000006c2b0000 - 0x000000006cb1f000 	C:\Program Files\Java\jdk1.8.0_271\jre\bin\server\jvm.dll
0x00007ff936df0000 - 0x00007ff936df8000 	C:\WINDOWS\System32\PSAPI.DLL
0x00007ff924c00000 - 0x00007ff924c09000 	C:\WINDOWS\SYSTEM32\WSOCK32.dll
0x00007ff92daa0000 - 0x00007ff92dac7000 	C:\WINDOWS\SYSTEM32\WINMM.dll
0x00007ff92ef20000 - 0x00007ff92ef2a000 	C:\WINDOWS\SYSTEM32\VERSION.dll
0x00007ff936460000 - 0x00007ff9364cb000 	C:\WINDOWS\System32\WS2_32.dll
0x00007ff9320d0000 - 0x00007ff9320e2000 	C:\WINDOWS\SYSTEM32\kernel.appcore.dll
0x00007ff920470000 - 0x00007ff920480000 	C:\Program Files\Java\jdk1.8.0_271\jre\bin\verify.dll
0x00007ff91aed0000 - 0x00007ff91aefb000 	C:\Program Files\Java\jdk1.8.0_271\jre\bin\java.dll
0x00007ff9150f0000 - 0x00007ff915108000 	C:\Program Files\Java\jdk1.8.0_271\jre\bin\zip.dll
0x00007ff937040000 - 0x00007ff937782000 	C:\WINDOWS\System32\SHELL32.dll
0x00007ff932a30000 - 0x00007ff9331c0000 	C:\WINDOWS\SYSTEM32\windows.storage.dll
0x00007ff9360d0000 - 0x00007ff936425000 	C:\WINDOWS\System32\combase.dll
0x00007ff934230000 - 0x00007ff93425c000 	C:\WINDOWS\SYSTEM32\Wldp.dll
0x00007ff935d00000 - 0x00007ff935dae000 	C:\WINDOWS\System32\SHCORE.dll
0x00007ff935db0000 - 0x00007ff935e05000 	C:\WINDOWS\System32\shlwapi.dll
0x00007ff934e50000 - 0x00007ff934e6f000 	C:\WINDOWS\SYSTEM32\profapi.dll
0x00007ff91c5f0000 - 0x00007ff91c5fd000 	C:\Program Files\Java\jdk1.8.0_271\jre\bin\management.dll
0x00007ff914b90000 - 0x00007ff914bac000 	C:\Program Files\Java\jdk1.8.0_271\jre\bin\net.dll
0x00007ff933e90000 - 0x00007ff933efa000 	C:\WINDOWS\system32\mswsock.dll
0x00007ff914b70000 - 0x00007ff914b83000 	C:\Program Files\Java\jdk1.8.0_271\jre\bin\nio.dll
0x00007ff91c960000 - 0x00007ff91c977000 	C:\WINDOWS\system32\napinsp.dll
0x00007ff91c1b0000 - 0x00007ff91c1cb000 	C:\WINDOWS\system32\pnrpnsp.dll
0x00007ff92fe70000 - 0x00007ff92fe8d000 	C:\WINDOWS\system32\NLAapi.dll
0x00007ff933f50000 - 0x00007ff933f8b000 	C:\WINDOWS\SYSTEM32\IPHLPAPI.DLL
0x00007ff933c90000 - 0x00007ff933d5c000 	C:\WINDOWS\SYSTEM32\DNSAPI.dll
0x00007ff9369c0000 - 0x00007ff9369c8000 	C:\WINDOWS\System32\NSI.dll
0x00007ff91b370000 - 0x00007ff91b385000 	C:\WINDOWS\system32\wshbth.dll
0x00007ff91b0a0000 - 0x00007ff91b0b2000 	C:\WINDOWS\System32\winrnr.dll
0x00007ff923e90000 - 0x00007ff923e9a000 	C:\Windows\System32\rasadhlp.dll
0x00007ff929810000 - 0x00007ff92988f000 	C:\WINDOWS\System32\fwpuclnt.dll
0x00007ff9355d0000 - 0x00007ff9355f7000 	C:\WINDOWS\System32\bcrypt.dll
0x00007ff934bd0000 - 0x00007ff934be8000 	C:\WINDOWS\SYSTEM32\CRYPTSP.dll
0x00007ff933960000 - 0x00007ff933994000 	C:\WINDOWS\system32\rsaenh.dll
0x00007ff934dd0000 - 0x00007ff934dfe000 	C:\WINDOWS\SYSTEM32\USERENV.dll
0x00007ff9356b0000 - 0x00007ff935730000 	C:\WINDOWS\System32\bcryptprimitives.dll
0x00007ff934190000 - 0x00007ff93419c000 	C:\WINDOWS\SYSTEM32\CRYPTBASE.dll
0x00007ff92eb30000 - 0x00007ff92eb47000 	C:\WINDOWS\SYSTEM32\dhcpcsvc6.DLL
0x00007ff92eb10000 - 0x00007ff92eb2d000 	C:\WINDOWS\SYSTEM32\dhcpcsvc.DLL
0x00007ff934800000 - 0x00007ff9349e4000 	C:\WINDOWS\SYSTEM32\dbghelp.dll

VM Arguments:
java_command: C:\Users\eduro\AppData\Local\Temp\surefire4635822976227188909\surefirebooter3999781258877261179.jar C:\Users\eduro\AppData\Local\Temp\surefire4635822976227188909 2021-05-28T17-22-57_424-jvmRun1 surefire6849897149173845462tmp surefire_05080496703040196214tmp
java_class_path (initial): C:\Users\eduro\AppData\Local\Temp\surefire4635822976227188909\surefirebooter3999781258877261179.jar
Launcher Type: SUN_STANDARD

Environment Variables:
JAVA_HOME=C:\Program Files\Java\jdk1.8.0_271
PATH=C:\Program Files\AdoptOpenJDK\jdk-11.0.10.9-hotspot\bin;C:\Program Files (x86)\Common Files\Oracle\Java\javapath;C:\WINDOWS\system32;C:\WINDOWS;C:\WINDOWS\System32\Wbem;C:\WINDOWS\System32\WindowsPowerShell\v1.0\;C:\WINDOWS\System32\OpenSSH\;C:\Program Files\Java\jdk1.8.0_271\bin;C:\maven\apache-maven-3.6.3\bin;C:\Program Files\Git\cmd;C:\Program Files\nodejs\;C:\Program Files\TortoiseSVN\bin;C:\src\flutter\bin;C:\Users\eduro\AppData\Local\Programs\Python\Python39\Scripts;C:\Users\eduro\AppData\Local\Microsoft\WindowsApps;C:\Users\eduro\AppData\Roaming\npm;C:\Users\eduro\AppData\Local\Programs\Microsoft VS Code\bin;C:\Program Files\heroku\bin
USERNAME=eduro
OS=Windows_NT
PROCESSOR_IDENTIFIER=Intel64 Family 6 Model 158 Stepping 9, GenuineIntel



---------------  S Y S T E M  ---------------

OS: Windows 10.0 , 64 bit Build 19041 (10.0.19041.928)

CPU:total 4 (initial active 4) (4 cores per cpu, 1 threads per core) family 6 model 158 stepping 9, cmov, cx8, fxsr, mmx, sse, sse2, sse3, ssse3, sse4.1, sse4.2, popcnt, avx, avx2, aes, clmul, erms, 3dnowpref, lzcnt, tsc, tscinvbit, bmi1, bmi2, adx

Memory: 4k page, physical 16734972k(8505812k free), swap 33512188k(21730896k free)

vm_info: Java HotSpot(TM) 64-Bit Server VM (25.271-b09) for windows-amd64 JRE (1.8.0_271-b09), built on Sep 16 2020 19:14:59 by "" with MS VC++ 15.9 (VS2017)

time: Fri May 28 17:23:02 2021
timezone: Hora oficial do Brasil
elapsed time: 4.591253 seconds (0d 0h 0m 4s)

